0 info it worked if it ends with ok
1 verbose cli [ '/usr/bin/node',
1 verbose cli   '/usr/bin/npm',
1 verbose cli   'install',
1 verbose cli   '-g',
1 verbose cli   'https://github.com/TUHHStartupEngineers/staticrypt' ]
2 info using npm@3.5.2
3 info using node@v8.10.0
4 silly loadCurrentTree Starting
5 silly install loadCurrentTree
6 silly install readGlobalPackageData
7 silly fetchPackageMetaData https://github.com/TUHHStartupEngineers/staticrypt
8 silly fetchOtherPackageData https://github.com/TUHHStartupEngineers/staticrypt
9 silly cache add args [ 'https://github.com/TUHHStartupEngineers/staticrypt', null ]
10 verbose cache add spec https://github.com/TUHHStartupEngineers/staticrypt
11 silly cache add parsed spec Result {
11 silly cache add   raw: 'https://github.com/TUHHStartupEngineers/staticrypt',
11 silly cache add   scope: null,
11 silly cache add   name: null,
11 silly cache add   rawSpec: 'https://github.com/TUHHStartupEngineers/staticrypt',
11 silly cache add   spec: 'git+https://github.com/TUHHStartupEngineers/staticrypt.git',
11 silly cache add   type: 'hosted',
11 silly cache add   hosted:
11 silly cache add    { type: 'github',
11 silly cache add      ssh: 'git@github.com:TUHHStartupEngineers/staticrypt.git',
11 silly cache add      sshUrl: 'git+ssh://git@github.com/TUHHStartupEngineers/staticrypt.git',
11 silly cache add      httpsUrl: 'git+https://github.com/TUHHStartupEngineers/staticrypt.git',
11 silly cache add      gitUrl: 'git://github.com/TUHHStartupEngineers/staticrypt.git',
11 silly cache add      shortcut: 'github:TUHHStartupEngineers/staticrypt',
11 silly cache add      directUrl: 'https://raw.githubusercontent.com/TUHHStartupEngineers/staticrypt/master/package.json' } }
12 verbose addRemoteGit caching https://github.com/TUHHStartupEngineers/staticrypt
13 verbose addRemoteGit git+https://github.com/TUHHStartupEngineers/staticrypt.git is a repository hosted by github
14 silly tryClone cloning git+https://github.com/TUHHStartupEngineers/staticrypt.git via git+https://github.com/TUHHStartupEngineers/staticrypt.git
15 verbose tryClone git-https-github-com-TUHHStartupEngineers-staticrypt-git-ce842339 not in flight; caching
16 info git [ 'config', '--get', 'remote.origin.url' ]
17 silly validateExistingRemote git+https://github.com/TUHHStartupEngineers/staticrypt.git remote.origin.url: https://github.com/TUHHStartupEngineers/staticrypt.git
18 verbose validateExistingRemote git+https://github.com/TUHHStartupEngineers/staticrypt.git is updating existing cached remote /home/dominic/.npm/_git-remotes/git-https-github-com-TUHHStartupEngineers-staticrypt-git-ce842339
19 info git [ 'fetch', '-a', 'origin' ]
20 verbose updateRemote git fetch -a origin (https://github.com/TUHHStartupEngineers/staticrypt.git)
21 verbose setPermissions git+https://github.com/TUHHStartupEngineers/staticrypt.git set permissions on /home/dominic/.npm/_git-remotes/git-https-github-com-TUHHStartupEngineers-staticrypt-git-ce842339
22 verbose resolveHead git+https://github.com/TUHHStartupEngineers/staticrypt.git original treeish: master
23 info git [ 'rev-list', '-n1', 'master' ]
24 error git rev-list -n1 master: fatal: ambiguous argument 'master': unknown revision or path not in the working tree.
24 error git rev-list -n1 master: Use '--' to separate paths from revisions, like this:
24 error git rev-list -n1 master: 'git <command> [<revision>...] -- [<file>...]'
25 silly fetchPackageMetaData Error: Command failed: git rev-list -n1 master
25 silly fetchPackageMetaData fatal: ambiguous argument 'master': unknown revision or path not in the working tree.
25 silly fetchPackageMetaData Use '--' to separate paths from revisions, like this:
25 silly fetchPackageMetaData 'git <command> [<revision>...] -- [<file>...]'
25 silly fetchPackageMetaData
25 silly fetchPackageMetaData     at ChildProcess.exithandler (child_process.js:275:12)
25 silly fetchPackageMetaData     at emitTwo (events.js:126:13)
25 silly fetchPackageMetaData     at ChildProcess.emit (events.js:214:7)
25 silly fetchPackageMetaData     at maybeClose (internal/child_process.js:925:16)
25 silly fetchPackageMetaData     at Socket.stream.socket.on (internal/child_process.js:346:11)
25 silly fetchPackageMetaData     at emitOne (events.js:116:13)
25 silly fetchPackageMetaData     at Socket.emit (events.js:211:7)
25 silly fetchPackageMetaData     at Pipe._handle.close [as _onclose] (net.js:567:12)
25 silly fetchPackageMetaData  error for https://github.com/TUHHStartupEngineers/staticrypt { Error: Command failed: git rev-list -n1 master
25 silly fetchPackageMetaData fatal: ambiguous argument 'master': unknown revision or path not in the working tree.
25 silly fetchPackageMetaData Use '--' to separate paths from revisions, like this:
25 silly fetchPackageMetaData 'git <command> [<revision>...] -- [<file>...]'
25 silly fetchPackageMetaData
25 silly fetchPackageMetaData     at ChildProcess.exithandler (child_process.js:275:12)
25 silly fetchPackageMetaData     at emitTwo (events.js:126:13)
25 silly fetchPackageMetaData     at ChildProcess.emit (events.js:214:7)
25 silly fetchPackageMetaData     at maybeClose (internal/child_process.js:925:16)
25 silly fetchPackageMetaData     at Socket.stream.socket.on (internal/child_process.js:346:11)
25 silly fetchPackageMetaData     at emitOne (events.js:116:13)
25 silly fetchPackageMetaData     at Socket.emit (events.js:211:7)
25 silly fetchPackageMetaData     at Pipe._handle.close [as _onclose] (net.js:567:12)
25 silly fetchPackageMetaData   killed: false,
25 silly fetchPackageMetaData   code: 128,
25 silly fetchPackageMetaData   signal: null,
25 silly fetchPackageMetaData   cmd: 'git rev-list -n1 master' }
26 silly rollbackFailedOptional Starting
27 silly rollbackFailedOptional Finishing
28 silly runTopLevelLifecycles Starting
29 silly runTopLevelLifecycles Finishing
30 silly install printInstalled
31 verbose stack Error: Command failed: git rev-list -n1 master
31 verbose stack fatal: ambiguous argument 'master': unknown revision or path not in the working tree.
31 verbose stack Use '--' to separate paths from revisions, like this:
31 verbose stack 'git <command> [<revision>...] -- [<file>...]'
31 verbose stack
31 verbose stack     at ChildProcess.exithandler (child_process.js:275:12)
31 verbose stack     at emitTwo (events.js:126:13)
31 verbose stack     at ChildProcess.emit (events.js:214:7)
31 verbose stack     at maybeClose (internal/child_process.js:925:16)
31 verbose stack     at Socket.stream.socket.on (internal/child_process.js:346:11)
31 verbose stack     at emitOne (events.js:116:13)
31 verbose stack     at Socket.emit (events.js:211:7)
31 verbose stack     at Pipe._handle.close [as _onclose] (net.js:567:12)
32 verbose cwd /media/dominic/Windows/Users/Dominic/Documents/Studium/A-Master 5. Semester/Data Science/ws20-business-data-science-basics---lab-journal-dhinz94
33 error Linux 5.0.0-31-generic
34 error argv "/usr/bin/node" "/usr/bin/npm" "install" "-g" "https://github.com/TUHHStartupEngineers/staticrypt"
35 error node v8.10.0
36 error npm  v3.5.2
37 error code 128
38 error Command failed: git rev-list -n1 master
38 error fatal: ambiguous argument 'master': unknown revision or path not in the working tree.
38 error Use '--' to separate paths from revisions, like this:
38 error 'git <command> [<revision>...] -- [<file>...]'
39 error If you need help, you may report this error at:
39 error     <https://github.com/npm/npm/issues>
40 verbose exit [ 1, true ]
